<?xml version="1.0" encoding="UTF-8"?>
<testsuite name="cache.LruCacheTest" tests="6" skipped="0" failures="0" errors="0" timestamp="2021-10-24T15:47:52" hostname="MacBook-Pro-Anton.local" time="3.104">
  <properties/>
  <testcase name="testRandomized()" classname="cache.LruCacheTest" time="3.095"/>
  <testcase name="testSingleReplacementCase()" classname="cache.LruCacheTest" time="0.002"/>
  <testcase name="testMultipleInsertionCase()" classname="cache.LruCacheTest" time="0.0"/>
  <testcase name="testMultipleReplacement()" classname="cache.LruCacheTest" time="0.001"/>
  <testcase name="testSingleInsertionCase()" classname="cache.LruCacheTest" time="0.001"/>
  <testcase name="testAllocation()" classname="cache.LruCacheTest" time="0.001"/>
  <system-out><![CDATA[]]></system-out>
  <system-err><![CDATA[]]></system-err>
</testsuite>
